<?xml version="1.0" encoding="UTF-8"?>
<!-- Generated by org.testng.reporters.JUnitReportReporter -->
<testsuite hostname="Deccansoft-6" name="Amaresh_MVN.Test" tests="1" failures="0" timestamp="24 Jan 2018 03:57:10 GMT" time="28.225" errors="0">
  <testcase name="openApp" time="28.225" classname="Amaresh_MVN.Test"/>
</testsuite> <!-- Amaresh_MVN.Test -->
