<?xml version="1.0" encoding="UTF-8"?>
<!-- Generated by org.testng.reporters.JUnitReportReporter -->
<testsuite hostname="Deccansoft-6" name="Amaresh_MVN.Test" tests="1" failures="0" timestamp="24 Jan 2018 03:59:38 GMT" time="16.024" errors="0">
  <testcase name="openApp" time="16.024" classname="Amaresh_MVN.Test"/>
</testsuite> <!-- Amaresh_MVN.Test -->
