<?xml version="1.0" encoding="UTF-8"?>
<!-- Generated by org.testng.reporters.JUnitReportReporter -->
<testsuite hostname="Deccansoft-6" name="Amaresh_MVN.Test" tests="1" failures="0" timestamp="23 Jan 2018 10:46:29 GMT" time="14.543" errors="0">
  <testcase name="openApp" time="14.543" classname="Amaresh_MVN.Test"/>
</testsuite> <!-- Amaresh_MVN.Test -->
